This is pdfTeX, Version 3.14159265-2.6-1.40.20 (TeX Live 2019) (preloaded format=pdflatex 2019.10.1)  8 JUL 2020 18:02
entering extended mode
 restricted \write18 enabled.
 %&-line parsing enabled.
**tesi.tex
(./tesi.tex
LaTeX2e <2018-12-01>
(/usr/local/texlive/2019/texmf-dist/tex/latex/base/book.cls
Document Class: book 2018/09/03 v1.4i Standard LaTeX document class
(/usr/local/texlive/2019/texmf-dist/tex/latex/base/bk12.clo
File: bk12.clo 2018/09/03 v1.4i Standard LaTeX file (size option)
)
\c@part=\count80
\c@chapter=\count81
\c@section=\count82
\c@subsection=\count83
\c@subsubsection=\count84
\c@paragraph=\count85
\c@subparagraph=\count86
\c@figure=\count87
\c@table=\count88
\abovecaptionskip=\skip41
\belowcaptionskip=\skip42
\bibindent=\dimen102
)
(/usr/local/texlive/2019/texmf-dist/tex/latex/base/inputenc.sty
Package: inputenc 2018/08/11 v1.3c Input encoding file
\inpenc@prehook=\toks14
\inpenc@posthook=\toks15
)
(/usr/local/texlive/2019/texmf-dist/tex/latex/graphics/graphicx.sty
Package: graphicx 2017/06/01 v1.1a Enhanced LaTeX Graphics (DPC,SPQR)

(/usr/local/texlive/2019/texmf-dist/tex/latex/graphics/keyval.sty
Package: keyval 2014/10/28 v1.15 key=value parser (DPC)
\KV@toks@=\toks16
)
(/usr/local/texlive/2019/texmf-dist/tex/latex/graphics/graphics.sty
Package: graphics 2017/06/25 v1.2c Standard LaTeX Graphics (DPC,SPQR)

(/usr/local/texlive/2019/texmf-dist/tex/latex/graphics/trig.sty
Package: trig 2016/01/03 v1.10 sin cos tan (DPC)
)
(/usr/local/texlive/2019/texmf-dist/tex/latex/graphics-cfg/graphics.cfg
File: graphics.cfg 2016/06/04 v1.11 sample graphics configuration
)
Package graphics Info: Driver file: pdftex.def on input line 99.

(/usr/local/texlive/2019/texmf-dist/tex/latex/graphics-def/pdftex.def
File: pdftex.def 2018/01/08 v1.0l Graphics/color driver for pdftex
))
\Gin@req@height=\dimen103
\Gin@req@width=\dimen104
)
(/usr/local/texlive/2019/texmf-dist/tex/generic/babel/babel.sty
Package: babel 2019/05/04 3.31 The Babel package

(/usr/local/texlive/2019/texmf-dist/tex/generic/babel/switch.def
File: switch.def 2019/05/04 3.31 Babel switching mechanism
)
(/usr/local/texlive/2019/texmf-dist/tex/generic/babel-italian/italian.ldf
Language: italian 2019/01/05 v.1.4.01 Italian support for the babel system

(/usr/local/texlive/2019/texmf-dist/tex/generic/babel/babel.def
File: babel.def 2019/05/04 3.31 Babel common definitions
\babel@savecnt=\count89
\U@D=\dimen105

(/usr/local/texlive/2019/texmf-dist/tex/generic/babel/txtbabel.def)
\bbl@dirlevel=\count90
)
\it@lettering=\count91
\it@doublequoteactive=\count92
\it@ISOcompliance=\count93
))
(/usr/local/texlive/2019/texmf-dist/tex/latex/etoolbox/etoolbox.sty
Package: etoolbox 2018/08/19 v2.5f e-TeX tools for LaTeX (JAW)
\etb@tempcnta=\count94
)
(/usr/local/texlive/2019/texmf-dist/tex/latex/geometry/geometry.sty
Package: geometry 2018/04/16 v5.8 Page Geometry

(/usr/local/texlive/2019/texmf-dist/tex/generic/oberdiek/ifpdf.sty
Package: ifpdf 2018/09/07 v3.3 Provides the ifpdf switch
)
(/usr/local/texlive/2019/texmf-dist/tex/generic/oberdiek/ifvtex.sty
Package: ifvtex 2016/05/16 v1.6 Detect VTeX and its facilities (HO)
Package ifvtex Info: VTeX not detected.
)
(/usr/local/texlive/2019/texmf-dist/tex/generic/ifxetex/ifxetex.sty
Package: ifxetex 2010/09/12 v0.6 Provides ifxetex conditional
)
\Gm@cnth=\count95
\Gm@cntv=\count96
\c@Gm@tempcnt=\count97
\Gm@bindingoffset=\dimen106
\Gm@wd@mp=\dimen107
\Gm@odd@mp=\dimen108
\Gm@even@mp=\dimen109
\Gm@layoutwidth=\dimen110
\Gm@layoutheight=\dimen111
\Gm@layouthoffset=\dimen112
\Gm@layoutvoffset=\dimen113
\Gm@dimlist=\toks17
)
(/usr/local/texlive/2019/texmf-dist/tex/latex/fancyhdr/fancyhdr.sty
Package: fancyhdr 2019/01/31 v3.10 Extensive control of page headers and footer
s
\f@nch@headwidth=\skip43
\f@nch@O@elh=\skip44
\f@nch@O@erh=\skip45
\f@nch@O@olh=\skip46
\f@nch@O@orh=\skip47
\f@nch@O@elf=\skip48
\f@nch@O@erf=\skip49
\f@nch@O@olf=\skip50
\f@nch@O@orf=\skip51
)
(/usr/local/texlive/2019/texmf-dist/tex/latex/xcolor/xcolor.sty
Package: xcolor 2016/05/11 v2.12 LaTeX color extensions (UK)

(/usr/local/texlive/2019/texmf-dist/tex/latex/graphics-cfg/color.cfg
File: color.cfg 2016/01/02 v1.6 sample color configuration
)
Package xcolor Info: Driver file: pdftex.def on input line 225.
Package xcolor Info: Model `cmy' substituted by `cmy0' on input line 1348.
Package xcolor Info: Model `hsb' substituted by `rgb' on input line 1352.
Package xcolor Info: Model `RGB' extended on input line 1364.
Package xcolor Info: Model `HTML' substituted by `rgb' on input line 1366.
Package xcolor Info: Model `Hsb' substituted by `hsb' on input line 1367.
Package xcolor Info: Model `tHsb' substituted by `hsb' on input line 1368.
Package xcolor Info: Model `HSB' substituted by `hsb' on input line 1369.
Package xcolor Info: Model `Gray' substituted by `gray' on input line 1370.
Package xcolor Info: Model `wave' substituted by `hsb' on input line 1371.
)
(/usr/local/texlive/2019/texmf-dist/tex/latex/adjustbox/adjustbox.sty
Package: adjustbox 2019/01/04 v1.2 Adjusting TeX boxes (trim, clip, ...)

(/usr/local/texlive/2019/texmf-dist/tex/latex/xkeyval/xkeyval.sty
Package: xkeyval 2014/12/03 v2.7a package option processing (HA)

(/usr/local/texlive/2019/texmf-dist/tex/generic/xkeyval/xkeyval.tex
(/usr/local/texlive/2019/texmf-dist/tex/generic/xkeyval/xkvutils.tex
\XKV@toks=\toks18
\XKV@tempa@toks=\toks19
)
\XKV@depth=\count98
File: xkeyval.tex 2014/12/03 v2.7a key=value parser (HA)
))
(/usr/local/texlive/2019/texmf-dist/tex/latex/adjustbox/adjcalc.sty
Package: adjcalc 2012/05/16 v1.1 Provides advanced setlength with multiple back
-ends (calc, etex, pgfmath)
)
(/usr/local/texlive/2019/texmf-dist/tex/latex/adjustbox/trimclip.sty
Package: trimclip 2018/04/08 v1.1 Trim and clip general TeX material

(/usr/local/texlive/2019/texmf-dist/tex/latex/collectbox/collectbox.sty
Package: collectbox 2012/05/17 v0.4b Collect macro arguments as boxes
\collectedbox=\box27
)
\tc@llx=\dimen114
\tc@lly=\dimen115
\tc@urx=\dimen116
\tc@ury=\dimen117
Package trimclip Info: Using driver 'tc-pdftex.def'.

(/usr/local/texlive/2019/texmf-dist/tex/latex/adjustbox/tc-pdftex.def
File: tc-pdftex.def 2019/01/04 v2.2 Clipping driver for pdftex
))
\adjbox@Width=\dimen118
\adjbox@Height=\dimen119
\adjbox@Depth=\dimen120
\adjbox@Totalheight=\dimen121
\adjbox@pwidth=\dimen122
\adjbox@pheight=\dimen123
\adjbox@pdepth=\dimen124
\adjbox@ptotalheight=\dimen125

(/usr/local/texlive/2019/texmf-dist/tex/latex/ifoddpage/ifoddpage.sty
Package: ifoddpage 2016/04/23 v1.1 Conditionals for odd/even page detection
\c@checkoddpage=\count99
)
(/usr/local/texlive/2019/texmf-dist/tex/latex/varwidth/varwidth.sty
Package: varwidth 2009/03/30 ver 0.92;  Variable-width minipages
\@vwid@box=\box28
\sift@deathcycles=\count100
\@vwid@loff=\dimen126
\@vwid@roff=\dimen127
))
(/usr/local/texlive/2019/texmf-dist/tex/latex/cite/cite.sty
LaTeX Info: Redefining \cite on input line 302.
LaTeX Info: Redefining \nocite on input line 332.
Package: cite 2015/02/27  v 5.5
)
(/usr/local/texlive/2019/texmf-dist/tex/latex/pdfpages/pdfpages.sty
Package: pdfpages 2017/10/31 v0.5l Insert pages of external PDF documents (AM)

(/usr/local/texlive/2019/texmf-dist/tex/latex/base/ifthen.sty
Package: ifthen 2014/09/29 v1.1c Standard LaTeX ifthen package (DPC)
)
(/usr/local/texlive/2019/texmf-dist/tex/latex/tools/calc.sty
Package: calc 2017/05/25 v4.3 Infix arithmetic (KKT,FJ)
\calc@Acount=\count101
\calc@Bcount=\count102
\calc@Adimen=\dimen128
\calc@Bdimen=\dimen129
\calc@Askip=\skip52
\calc@Bskip=\skip53
LaTeX Info: Redefining \setlength on input line 80.
LaTeX Info: Redefining \addtolength on input line 81.
\calc@Ccount=\count103
\calc@Cskip=\skip54
)
(/usr/local/texlive/2019/texmf-dist/tex/latex/eso-pic/eso-pic.sty
Package: eso-pic 2018/04/12 v2.0h eso-pic (RN)

(/usr/local/texlive/2019/texmf-dist/tex/generic/oberdiek/atbegshi.sty
Package: atbegshi 2016/06/09 v1.18 At begin shipout hook (HO)

(/usr/local/texlive/2019/texmf-dist/tex/generic/oberdiek/infwarerr.sty
Package: infwarerr 2016/05/16 v1.4 Providing info/warning/error messages (HO)
)
(/usr/local/texlive/2019/texmf-dist/tex/generic/oberdiek/ltxcmds.sty
Package: ltxcmds 2016/05/16 v1.23 LaTeX kernel commands for general use (HO)
)))
\AM@pagewidth=\dimen130
\AM@pageheight=\dimen131

(/usr/local/texlive/2019/texmf-dist/tex/latex/pdfpages/pppdftex.def
File: pppdftex.def 2017/10/31 v0.5l Pdfpages driver for pdfTeX (AM)
)
\AM@pagebox=\box29
\AM@global@opts=\toks20
\AM@toc@title=\toks21
\c@AM@survey=\count104
\AM@templatesizebox=\box30
)
(/usr/local/texlive/2019/texmf-dist/tex/latex/listings/listings.sty
\lst@mode=\count105
\lst@gtempboxa=\box31
\lst@token=\toks22
\lst@length=\count106
\lst@currlwidth=\dimen132
\lst@column=\count107
\lst@pos=\count108
\lst@lostspace=\dimen133
\lst@width=\dimen134
\lst@newlines=\count109
\lst@lineno=\count110
\lst@maxwidth=\dimen135

(/usr/local/texlive/2019/texmf-dist/tex/latex/listings/lstmisc.sty
File: lstmisc.sty 2019/02/27 1.8b (Carsten Heinz)
\c@lstnumber=\count111
\lst@skipnumbers=\count112
\lst@framebox=\box32
)
(/usr/local/texlive/2019/texmf-dist/tex/latex/listings/listings.cfg
File: listings.cfg 2019/02/27 1.8b listings configuration
))
Package: listings 2019/02/27 1.8b (Carsten Heinz)

(/usr/local/texlive/2019/texmf-dist/tex/latex/stackengine/stackengine.sty
Package: stackengine 2017/02/13 v4.01\ Stacking text and objects in convenient 
ways

(/usr/local/texlive/2019/texmf-dist/tex/generic/listofitems/listofitems.sty
(/usr/local/texlive/2019/texmf-dist/tex/generic/listofitems/listofitems.tex
\loi_cnt_foreach_nest=\count113
\loi_nestcnt=\count114
)
Package: listofitems 2019/03/03 v1.61 Grab items in lists using user-specified 
sep char (CT)
)
\c@@stackindex=\count115
\@boxshift=\skip55
\stack@tmplength=\skip56
\temp@stkl=\skip57
\@stackedboxwidth=\skip58
\@addedbox=\box33
\@anchorbox=\box34
\stackedbox=\box35
\@centerbox=\box36
\c@ROWcellindex@=\count116
)
(/usr/local/texlive/2019/texmf-dist/tex/latex/amsmath/amsmath.sty
Package: amsmath 2018/12/01 v2.17b AMS math features
\@mathmargin=\skip59

For additional information on amsmath, use the `?' option.
(/usr/local/texlive/2019/texmf-dist/tex/latex/amsmath/amstext.sty
Package: amstext 2000/06/29 v2.01 AMS text

(/usr/local/texlive/2019/texmf-dist/tex/latex/amsmath/amsgen.sty
File: amsgen.sty 1999/11/30 v2.0 generic functions
\@emptytoks=\toks23
\ex@=\dimen136
))
(/usr/local/texlive/2019/texmf-dist/tex/latex/amsmath/amsbsy.sty
Package: amsbsy 1999/11/29 v1.2d Bold Symbols
\pmbraise@=\dimen137
)
(/usr/local/texlive/2019/texmf-dist/tex/latex/amsmath/amsopn.sty
Package: amsopn 2016/03/08 v2.02 operator names
)
\inf@bad=\count117
LaTeX Info: Redefining \frac on input line 223.
\uproot@=\count118
\leftroot@=\count119
LaTeX Info: Redefining \overline on input line 385.
\classnum@=\count120
\DOTSCASE@=\count121
LaTeX Info: Redefining \ldots on input line 482.
LaTeX Info: Redefining \dots on input line 485.
LaTeX Info: Redefining \cdots on input line 606.
\Mathstrutbox@=\box37
\strutbox@=\box38
\big@size=\dimen138
LaTeX Font Info:    Redeclaring font encoding OML on input line 729.
LaTeX Font Info:    Redeclaring font encoding OMS on input line 730.
\macc@depth=\count122
\c@MaxMatrixCols=\count123
\dotsspace@=\muskip10
\c@parentequation=\count124
\dspbrk@lvl=\count125
\tag@help=\toks24
\row@=\count126
\column@=\count127
\maxfields@=\count128
\andhelp@=\toks25
\eqnshift@=\dimen139
\alignsep@=\dimen140
\tagshift@=\dimen141
\tagwidth@=\dimen142
\totwidth@=\dimen143
\lineht@=\dimen144
\@envbody=\toks26
\multlinegap=\skip60
\multlinetaggap=\skip61
\mathdisplay@stack=\toks27
LaTeX Info: Redefining \[ on input line 2844.
LaTeX Info: Redefining \] on input line 2845.
)
(/usr/local/texlive/2019/texmf-dist/tex/latex/mathtools/mathtools.sty
Package: mathtools 2018/01/08 v1.21 mathematical typesetting tools

(/usr/local/texlive/2019/texmf-dist/tex/latex/mathtools/mhsetup.sty
Package: mhsetup 2017/03/31 v1.3 programming setup (MH)
)
LaTeX Info: Thecontrolsequence`\('isalreadyrobust on input line 129.
LaTeX Info: Thecontrolsequence`\)'isalreadyrobust on input line 129.
LaTeX Info: Thecontrolsequence`\['isalreadyrobust on input line 129.
LaTeX Info: Thecontrolsequence`\]'isalreadyrobust on input line 129.
\g_MT_multlinerow_int=\count129
\l_MT_multwidth_dim=\dimen145
\origjot=\skip62
\l_MT_shortvdotswithinadjustabove_dim=\dimen146
\l_MT_shortvdotswithinadjustbelow_dim=\dimen147
\l_MT_above_intertext_sep=\dimen148
\l_MT_below_intertext_sep=\dimen149
\l_MT_above_shortintertext_sep=\dimen150
\l_MT_below_shortintertext_sep=\dimen151
)
(/usr/local/texlive/2019/texmf-dist/tex/latex/base/textcomp.sty
Package: textcomp 2018/08/11 v2.0j Standard LaTeX package
Package textcomp Info: Sub-encoding information:
(textcomp)               5 = only ISO-Adobe without \textcurrency
(textcomp)               4 = 5 + \texteuro
(textcomp)               3 = 4 + \textohm
(textcomp)               2 = 3 + \textestimated + \textcurrency
(textcomp)               1 = TS1 - \textcircled - \t
(textcomp)               0 = TS1 (full)
(textcomp)             Font families with sub-encoding setting implement
(textcomp)             only a restricted character set as indicated.
(textcomp)             Family '?' is the default used for unknown fonts.
(textcomp)             See the documentation for details.
Package textcomp Info: Setting ? sub-encoding to TS1/1 on input line 79.

(/usr/local/texlive/2019/texmf-dist/tex/latex/base/ts1enc.def
File: ts1enc.def 2001/06/05 v3.0e (jk/car/fm) Standard LaTeX file
Now handling font encoding TS1 ...
... processing UTF-8 mapping file for font encoding TS1

(/usr/local/texlive/2019/texmf-dist/tex/latex/base/ts1enc.dfu
File: ts1enc.dfu 2018/10/05 v1.2f UTF-8 support for inputenc
   defining Unicode char U+00A2 (decimal 162)
   defining Unicode char U+00A3 (decimal 163)
   defining Unicode char U+00A4 (decimal 164)
   defining Unicode char U+00A5 (decimal 165)
   defining Unicode char U+00A6 (decimal 166)
   defining Unicode char U+00A7 (decimal 167)
   defining Unicode char U+00A8 (decimal 168)
   defining Unicode char U+00A9 (decimal 169)
   defining Unicode char U+00AA (decimal 170)
   defining Unicode char U+00AC (decimal 172)
   defining Unicode char U+00AE (decimal 174)
   defining Unicode char U+00AF (decimal 175)
   defining Unicode char U+00B0 (decimal 176)
   defining Unicode char U+00B1 (decimal 177)
   defining Unicode char U+00B2 (decimal 178)
   defining Unicode char U+00B3 (decimal 179)
   defining Unicode char U+00B4 (decimal 180)
   defining Unicode char U+00B5 (decimal 181)
   defining Unicode char U+00B6 (decimal 182)
   defining Unicode char U+00B7 (decimal 183)
   defining Unicode char U+00B9 (decimal 185)
   defining Unicode char U+00BA (decimal 186)
   defining Unicode char U+00BC (decimal 188)
   defining Unicode char U+00BD (decimal 189)
   defining Unicode char U+00BE (decimal 190)
   defining Unicode char U+00D7 (decimal 215)
   defining Unicode char U+00F7 (decimal 247)
   defining Unicode char U+0192 (decimal 402)
   defining Unicode char U+02C7 (decimal 711)
   defining Unicode char U+02D8 (decimal 728)
   defining Unicode char U+02DD (decimal 733)
   defining Unicode char U+0E3F (decimal 3647)
   defining Unicode char U+2016 (decimal 8214)
   defining Unicode char U+2020 (decimal 8224)
   defining Unicode char U+2021 (decimal 8225)
   defining Unicode char U+2022 (decimal 8226)
   defining Unicode char U+2030 (decimal 8240)
   defining Unicode char U+2031 (decimal 8241)
   defining Unicode char U+203B (decimal 8251)
   defining Unicode char U+203D (decimal 8253)
   defining Unicode char U+2044 (decimal 8260)
   defining Unicode char U+204E (decimal 8270)
   defining Unicode char U+2052 (decimal 8274)
   defining Unicode char U+20A1 (decimal 8353)
   defining Unicode char U+20A4 (decimal 8356)
   defining Unicode char U+20A6 (decimal 8358)
   defining Unicode char U+20A9 (decimal 8361)
   defining Unicode char U+20AB (decimal 8363)
   defining Unicode char U+20AC (decimal 8364)
   defining Unicode char U+20B1 (decimal 8369)
   defining Unicode char U+2103 (decimal 8451)
   defining Unicode char U+2116 (decimal 8470)
   defining Unicode char U+2117 (decimal 8471)
   defining Unicode char U+211E (decimal 8478)
   defining Unicode char U+2120 (decimal 8480)
   defining Unicode char U+2122 (decimal 8482)
   defining Unicode char U+2126 (decimal 8486)
   defining Unicode char U+2127 (decimal 8487)
   defining Unicode char U+212E (decimal 8494)
   defining Unicode char U+2190 (decimal 8592)
   defining Unicode char U+2191 (decimal 8593)
   defining Unicode char U+2192 (decimal 8594)
   defining Unicode char U+2193 (decimal 8595)
   defining Unicode char U+2329 (decimal 9001)
   defining Unicode char U+232A (decimal 9002)
   defining Unicode char U+2422 (decimal 9250)
   defining Unicode char U+25E6 (decimal 9702)
   defining Unicode char U+25EF (decimal 9711)
   defining Unicode char U+266A (decimal 9834)
   defining Unicode char U+FEFF (decimal 65279)
))
LaTeX Info: Redefining \oldstylenums on input line 334.
Package textcomp Info: Setting cmr sub-encoding to TS1/0 on input line 349.
Package textcomp Info: Setting cmss sub-encoding to TS1/0 on input line 350.
Package textcomp Info: Setting cmtt sub-encoding to TS1/0 on input line 351.
Package textcomp Info: Setting cmvtt sub-encoding to TS1/0 on input line 352.
Package textcomp Info: Setting cmbr sub-encoding to TS1/0 on input line 353.
Package textcomp Info: Setting cmtl sub-encoding to TS1/0 on input line 354.
Package textcomp Info: Setting ccr sub-encoding to TS1/0 on input line 355.
Package textcomp Info: Setting ptm sub-encoding to TS1/4 on input line 356.
Package textcomp Info: Setting pcr sub-encoding to TS1/4 on input line 357.
Package textcomp Info: Setting phv sub-encoding to TS1/4 on input line 358.
Package textcomp Info: Setting ppl sub-encoding to TS1/3 on input line 359.
Package textcomp Info: Setting pag sub-encoding to TS1/4 on input line 360.
Package textcomp Info: Setting pbk sub-encoding to TS1/4 on input line 361.
Package textcomp Info: Setting pnc sub-encoding to TS1/4 on input line 362.
Package textcomp Info: Setting pzc sub-encoding to TS1/4 on input line 363.
Package textcomp Info: Setting bch sub-encoding to TS1/4 on input line 364.
Package textcomp Info: Setting put sub-encoding to TS1/5 on input line 365.
Package textcomp Info: Setting uag sub-encoding to TS1/5 on input line 366.
Package textcomp Info: Setting ugq sub-encoding to TS1/5 on input line 367.
Package textcomp Info: Setting ul8 sub-encoding to TS1/4 on input line 368.
Package textcomp Info: Setting ul9 sub-encoding to TS1/4 on input line 369.
Package textcomp Info: Setting augie sub-encoding to TS1/5 on input line 370.
Package textcomp Info: Setting dayrom sub-encoding to TS1/3 on input line 371.
Package textcomp Info: Setting dayroms sub-encoding to TS1/3 on input line 372.

Package textcomp Info: Setting pxr sub-encoding to TS1/0 on input line 373.
Package textcomp Info: Setting pxss sub-encoding to TS1/0 on input line 374.
Package textcomp Info: Setting pxtt sub-encoding to TS1/0 on input line 375.
Package textcomp Info: Setting txr sub-encoding to TS1/0 on input line 376.
Package textcomp Info: Setting txss sub-encoding to TS1/0 on input line 377.
Package textcomp Info: Setting txtt sub-encoding to TS1/0 on input line 378.
Package textcomp Info: Setting lmr sub-encoding to TS1/0 on input line 379.
Package textcomp Info: Setting lmdh sub-encoding to TS1/0 on input line 380.
Package textcomp Info: Setting lmss sub-encoding to TS1/0 on input line 381.
Package textcomp Info: Setting lmssq sub-encoding to TS1/0 on input line 382.
Package textcomp Info: Setting lmvtt sub-encoding to TS1/0 on input line 383.
Package textcomp Info: Setting lmtt sub-encoding to TS1/0 on input line 384.
Package textcomp Info: Setting qhv sub-encoding to TS1/0 on input line 385.
Package textcomp Info: Setting qag sub-encoding to TS1/0 on input line 386.
Package textcomp Info: Setting qbk sub-encoding to TS1/0 on input line 387.
Package textcomp Info: Setting qcr sub-encoding to TS1/0 on input line 388.
Package textcomp Info: Setting qcs sub-encoding to TS1/0 on input line 389.
Package textcomp Info: Setting qpl sub-encoding to TS1/0 on input line 390.
Package textcomp Info: Setting qtm sub-encoding to TS1/0 on input line 391.
Package textcomp Info: Setting qzc sub-encoding to TS1/0 on input line 392.
Package textcomp Info: Setting qhvc sub-encoding to TS1/0 on input line 393.
Package textcomp Info: Setting futs sub-encoding to TS1/4 on input line 394.
Package textcomp Info: Setting futx sub-encoding to TS1/4 on input line 395.
Package textcomp Info: Setting futj sub-encoding to TS1/4 on input line 396.
Package textcomp Info: Setting hlh sub-encoding to TS1/3 on input line 397.
Package textcomp Info: Setting hls sub-encoding to TS1/3 on input line 398.
Package textcomp Info: Setting hlst sub-encoding to TS1/3 on input line 399.
Package textcomp Info: Setting hlct sub-encoding to TS1/5 on input line 400.
Package textcomp Info: Setting hlx sub-encoding to TS1/5 on input line 401.
Package textcomp Info: Setting hlce sub-encoding to TS1/5 on input line 402.
Package textcomp Info: Setting hlcn sub-encoding to TS1/5 on input line 403.
Package textcomp Info: Setting hlcw sub-encoding to TS1/5 on input line 404.
Package textcomp Info: Setting hlcf sub-encoding to TS1/5 on input line 405.
Package textcomp Info: Setting pplx sub-encoding to TS1/3 on input line 406.
Package textcomp Info: Setting pplj sub-encoding to TS1/3 on input line 407.
Package textcomp Info: Setting ptmx sub-encoding to TS1/4 on input line 408.
Package textcomp Info: Setting ptmj sub-encoding to TS1/4 on input line 409.
)
(/usr/local/texlive/2019/texmf-dist/tex/latex/was/gensymb.sty
Package: gensymb 2003/07/02 v1.0 (WaS)
)
(/usr/local/texlive/2019/texmf-dist/tex/latex/ncctools/nccmath.sty
Package: nccmath 2006/01/20 v1.3 Additional Math Commands (NCC)
\NCC@fracrulewidth=\dimen152
)
(/usr/local/texlive/2019/texmf-dist/tex/latex/jknapltx/mathrsfs.sty
Package: mathrsfs 1996/01/01 Math RSFS package v1.0 (jk)
\symrsfs=\mathgroup4
)
(/usr/local/texlive/2019/texmf-dist/tex/latex/units/units.sty
Package: units 1998/08/04 v0.9b Typesetting units

(/usr/local/texlive/2019/texmf-dist/tex/latex/units/nicefrac.sty
Package: nicefrac 1998/08/04 v0.9b Nice fractions
\L@UnitsRaiseDisplaystyle=\skip63
\L@UnitsRaiseTextstyle=\skip64
\L@UnitsRaiseScriptstyle=\skip65
))
(/usr/local/texlive/2019/texmf-dist/tex/latex/caption/subcaption.sty
Package: subcaption 2018/05/01 v1.1-162 Sub-captions (AR)

(/usr/local/texlive/2019/texmf-dist/tex/latex/caption/caption.sty
Package: caption 2018/10/06 v3.3-154 Customizing captions (AR)

(/usr/local/texlive/2019/texmf-dist/tex/latex/caption/caption3.sty
Package: caption3 2018/09/12 v1.8c caption3 kernel (AR)
Package caption3 Info: TeX engine: e-TeX on input line 64.
\captionmargin=\dimen153
\captionmargin@=\dimen154
\captionwidth=\dimen155
\caption@tempdima=\dimen156
\caption@indent=\dimen157
\caption@parindent=\dimen158
\caption@hangindent=\dimen159
)
\c@caption@flags=\count130
\c@ContinuedFloat=\count131
Package caption Info: listings package is loaded.
)
\c@subfigure=\count132
\c@subtable=\count133
)
(/usr/local/texlive/2019/texmf-dist/tex/latex/tools/afterpage.sty
Package: afterpage 2014/10/28 v1.08 After-Page Package (DPC)
\AP@output=\toks28
\AP@partial=\box39
\AP@footins=\box40
)
(/usr/local/texlive/2019/texmf-dist/tex/latex/tools/verbatim.sty
Package: verbatim 2014/10/28 v1.5q LaTeX2e package for verbatim enhancements
\every@verbatim=\toks29
\verbatim@line=\toks30
\verbatim@in@stream=\read1
)
(/usr/local/texlive/2019/texmf-dist/tex/latex/hyperref/hyperref.sty
Package: hyperref 2018/11/30 v6.88e Hypertext links for LaTeX

(/usr/local/texlive/2019/texmf-dist/tex/generic/oberdiek/hobsub-hyperref.sty
Package: hobsub-hyperref 2016/05/16 v1.14 Bundle oberdiek, subset hyperref (HO)


(/usr/local/texlive/2019/texmf-dist/tex/generic/oberdiek/hobsub-generic.sty
Package: hobsub-generic 2016/05/16 v1.14 Bundle oberdiek, subset generic (HO)
Package: hobsub 2016/05/16 v1.14 Construct package bundles (HO)
Package hobsub Info: Skipping package `infwarerr' (already loaded).
Package hobsub Info: Skipping package `ltxcmds' (already loaded).
Package: ifluatex 2016/05/16 v1.4 Provides the ifluatex switch (HO)
Package ifluatex Info: LuaTeX not detected.
Package hobsub Info: Skipping package `ifvtex' (already loaded).
Package: intcalc 2016/05/16 v1.2 Expandable calculations with integers (HO)
Package hobsub Info: Skipping package `ifpdf' (already loaded).
Package: etexcmds 2016/05/16 v1.6 Avoid name clashes with e-TeX commands (HO)
Package: kvsetkeys 2016/05/16 v1.17 Key value parser (HO)
Package: kvdefinekeys 2016/05/16 v1.4 Define keys (HO)
Package: pdftexcmds 2018/09/10 v0.29 Utility functions of pdfTeX for LuaTeX (HO
)
Package pdftexcmds Info: LuaTeX not detected.
Package pdftexcmds Info: \pdf@primitive is available.
Package pdftexcmds Info: \pdf@ifprimitive is available.
Package pdftexcmds Info: \pdfdraftmode found.
Package: pdfescape 2016/05/16 v1.14 Implements pdfTeX's escape features (HO)
Package: bigintcalc 2016/05/16 v1.4 Expandable calculations on big integers (HO
)
Package: bitset 2016/05/16 v1.2 Handle bit-vector datatype (HO)
Package: uniquecounter 2016/05/16 v1.3 Provide unlimited unique counter (HO)
)
Package hobsub Info: Skipping package `hobsub' (already loaded).
Package: letltxmacro 2016/05/16 v1.5 Let assignment for LaTeX macros (HO)
Package: hopatch 2016/05/16 v1.3 Wrapper for package hooks (HO)
Package: xcolor-patch 2016/05/16 xcolor patch
Package: atveryend 2016/05/16 v1.9 Hooks at the very end of document (HO)
Package hobsub Info: Skipping package `atbegshi' (already loaded).
Package: refcount 2016/05/16 v3.5 Data extraction from label references (HO)
Package: hycolor 2016/05/16 v1.8 Color options for hyperref/bookmark (HO)
)
(/usr/local/texlive/2019/texmf-dist/tex/latex/oberdiek/auxhook.sty
Package: auxhook 2016/05/16 v1.4 Hooks for auxiliary files (HO)
)
(/usr/local/texlive/2019/texmf-dist/tex/latex/oberdiek/kvoptions.sty
Package: kvoptions 2016/05/16 v3.12 Key value format for package options (HO)
)
\@linkdim=\dimen160
\Hy@linkcounter=\count134
\Hy@pagecounter=\count135

(/usr/local/texlive/2019/texmf-dist/tex/latex/hyperref/pd1enc.def
File: pd1enc.def 2018/11/30 v6.88e Hyperref: PDFDocEncoding definition (HO)
Now handling font encoding PD1 ...
... no UTF-8 mapping file for font encoding PD1
)
\Hy@SavedSpaceFactor=\count136

(/usr/local/texlive/2019/texmf-dist/tex/latex/latexconfig/hyperref.cfg
File: hyperref.cfg 2002/06/06 v1.2 hyperref configuration of TeXLive
)
Package hyperref Info: Option `final' set `true' on input line 4393.
Package hyperref Info: Option `pdfa' set `true' on input line 4393.
Package hyperref Info: Hyper figures OFF on input line 4519.
Package hyperref Info: Link nesting OFF on input line 4524.
Package hyperref Info: Hyper index ON on input line 4527.
Package hyperref Info: Plain pages OFF on input line 4534.
Package hyperref Info: Backreferencing OFF on input line 4539.
Package hyperref Info: Implicit mode ON; LaTeX internals redefined.
Package hyperref Info: Bookmarks ON on input line 4772.
\c@Hy@tempcnt=\count137

(/usr/local/texlive/2019/texmf-dist/tex/latex/url/url.sty
\Urlmuskip=\muskip11
Package: url 2013/09/16  ver 3.4  Verb mode for urls, etc.
)
LaTeX Info: Redefining \url on input line 5125.
\XeTeXLinkMargin=\dimen161
\Fld@menulength=\count138
\Field@Width=\dimen162
\Fld@charsize=\dimen163
Package hyperref Info: Hyper figures OFF on input line 6380.
Package hyperref Info: Link nesting OFF on input line 6385.
Package hyperref Info: Hyper index ON on input line 6388.
Package hyperref Info: backreferencing OFF on input line 6395.
Package hyperref Info: Link coloring OFF on input line 6400.
Package hyperref Info: Link coloring with OCG OFF on input line 6405.
Package hyperref Info: PDF/A mode ON on input line 6408.
LaTeX Info: Redefining \ref on input line 6450.
LaTeX Info: Redefining \pageref on input line 6454.
\Hy@abspage=\count139
\c@Item=\count140
\c@Hfootnote=\count141
)
Package hyperref Info: Driver (autodetected): hpdftex.

(/usr/local/texlive/2019/texmf-dist/tex/latex/hyperref/hpdftex.def
File: hpdftex.def 2018/11/30 v6.88e Hyperref driver for pdfTeX
\Fld@listcount=\count142
\c@bookmark@seq@number=\count143

(/usr/local/texlive/2019/texmf-dist/tex/latex/oberdiek/rerunfilecheck.sty
Package: rerunfilecheck 2016/05/16 v1.8 Rerun checks for auxiliary files (HO)
Package uniquecounter Info: New unique counter `rerunfilecheck' on input line 2
82.
)
\Hy@SectionHShift=\skip66
)
(./tesi.aux)
\openout1 = `tesi.aux'.

LaTeX Font Info:    Checking defaults for OML/cmm/m/it on input line 95.
LaTeX Font Info:    ... okay on input line 95.
LaTeX Font Info:    Checking defaults for T1/cmr/m/n on input line 95.
LaTeX Font Info:    ... okay on input line 95.
LaTeX Font Info:    Checking defaults for OT1/cmr/m/n on input line 95.
LaTeX Font Info:    ... okay on input line 95.
LaTeX Font Info:    Checking defaults for OMS/cmsy/m/n on input line 95.
LaTeX Font Info:    ... okay on input line 95.
LaTeX Font Info:    Checking defaults for OMX/cmex/m/n on input line 95.
LaTeX Font Info:    ... okay on input line 95.
LaTeX Font Info:    Checking defaults for U/cmr/m/n on input line 95.
LaTeX Font Info:    ... okay on input line 95.
LaTeX Font Info:    Checking defaults for TS1/cmr/m/n on input line 95.
LaTeX Font Info:    Try loading font information for TS1+cmr on input line 95.
 (/usr/local/texlive/2019/texmf-dist/tex/latex/base/ts1cmr.fd
File: ts1cmr.fd 2014/09/29 v2.5h Standard LaTeX font definitions
)
LaTeX Font Info:    ... okay on input line 95.
LaTeX Font Info:    Checking defaults for PD1/pdf/m/n on input line 95.
LaTeX Font Info:    ... okay on input line 95.

(/usr/local/texlive/2019/texmf-dist/tex/context/base/mkii/supp-pdf.mkii
[Loading MPS to PDF converter (version 2006.09.02).]
\scratchcounter=\count144
\scratchdimen=\dimen164
\scratchbox=\box41
\nofMPsegments=\count145
\nofMParguments=\count146
\everyMPshowfont=\toks31
\MPscratchCnt=\count147
\MPscratchDim=\dimen165
\MPnumerator=\count148
\makeMPintoPDFobject=\count149
\everyMPtoPDFconversion=\toks32
) (/usr/local/texlive/2019/texmf-dist/tex/latex/oberdiek/epstopdf-base.sty
Package: epstopdf-base 2016/05/15 v2.6 Base part for package epstopdf

(/usr/local/texlive/2019/texmf-dist/tex/latex/oberdiek/grfext.sty
Package: grfext 2016/05/16 v1.2 Manage graphics extensions (HO)
)
Package epstopdf-base Info: Redefining graphics rule for `.eps' on input line 4
38.
Package grfext Info: Graphics extension search list:
(grfext)             [.pdf,.png,.jpg,.mps,.jpeg,.jbig2,.jb2,.PDF,.PNG,.JPG,.JPE
G,.JBIG2,.JB2,.eps]
(grfext)             \AppendGraphicsExtensions on input line 456.

(/usr/local/texlive/2019/texmf-dist/tex/latex/latexconfig/epstopdf-sys.cfg
File: epstopdf-sys.cfg 2010/07/13 v1.3 Configuration of (r)epstopdf for TeX Liv
e
))
LaTeX Info: Redefining \it@ocap on input line 95.
LaTeX Info: Redefining \it@ccap on input line 95.


File italian.ldf warning: 
italian.ldf    With OT1 encoding guillemets are poorly faked
italian.ldf    Use T1 encoding
italian.ldf    or specify a font with command \CaporaliFrom
italian.ldf    See the documentation concerning the babel-italian typesetting 
italian.ldf    on input line 95.

*geometry* driver: auto-detecting
*geometry* detected driver: pdftex
*geometry* verbose mode - [ preamble ] result:
* driver: pdftex
* paper: a4paper
* layout: <same size as paper>
* layoutoffset:(h,v)=(0.0pt,0.0pt)
* bindingoffset: 17.07164pt
* modes: twoside 
* h-part:(L,W,R)=(61.45795pt, 426.79134pt, 92.18695pt)
* v-part:(T,H,B)=(71.13188pt, 702.78308pt, 71.13188pt)
* \paperwidth=597.50787pt
* \paperheight=845.04684pt
* \textwidth=426.79134pt
* \textheight=702.78308pt
* \oddsidemargin=6.2596pt
* \evensidemargin=19.91696pt
* \topmargin=-63.69102pt
* \headheight=42.67912pt
* \headsep=19.8738pt
* \topskip=12.0pt
* \footskip=30.0pt
* \marginparwidth=88.0pt
* \marginparsep=7.0pt
* \columnsep=10.0pt
* \skip\footins=10.8pt plus 4.0pt minus 2.0pt
* \hoffset=0.0pt
* \voffset=0.0pt
* \mag=1000
* \@twocolumnfalse
* \@twosidetrue
* \@mparswitchtrue
* \@reversemarginfalse
* (1in=72.27pt=25.4mm, 1cm=28.453pt)

\AtBeginShipoutBox=\box42
(/usr/local/texlive/2019/texmf-dist/tex/latex/oberdiek/pdflscape.sty
Package: pdflscape 2016/05/14 v0.11 Display of landscape pages in PDF (HO)

(/usr/local/texlive/2019/texmf-dist/tex/latex/graphics/lscape.sty
Package: lscape 2000/10/22 v3.01 Landscape Pages (DPC)
)
Package pdflscape Info: Auto-detected driver: pdftex on input line 81.
)
\c@lstlisting=\count150
\symgns@font=\mathgroup5
LaTeX Font Info:    Overwriting symbol font `gns@font' in version `bold'
(Font)                  TS1/cmr/m/n --> TS1/cmr/bx/n on input line 95.
Package gensymb Info: Math companion symbols declared on input line 95.
LaTeX Info: Redefining \degree on input line 95.
LaTeX Info: Redefining \celsius on input line 95.
Package gensymb Info: Using text companion symbols for \degree, \celsius and \p
erthousand on input line 95.
LaTeX Info: Redefining \ohm on input line 95.
Package gensymb Info: Using \textohm for \ohm on input line 95.
Package gensymb Info: Using \textmu for \micro on input line 95.
Package caption Info: Begin \AtBeginDocument code.
Package caption Info: hyperref package is loaded.
Package caption Info: End \AtBeginDocument code.
Package hyperref Info: Link coloring OFF on input line 95.

(/usr/local/texlive/2019/texmf-dist/tex/latex/hyperref/nameref.sty
Package: nameref 2016/05/21 v2.44 Cross-referencing by name of section

(/usr/local/texlive/2019/texmf-dist/tex/generic/oberdiek/gettitlestring.sty
Package: gettitlestring 2016/05/16 v1.5 Cleanup title references (HO)
)
\c@section@level=\count151
)
LaTeX Info: Redefining \ref on input line 95.
LaTeX Info: Redefining \pageref on input line 95.
LaTeX Info: Redefining \nameref on input line 95.

(./tesi.out) (./tesi.out)
\@outlinefile=\write3
\openout3 = `tesi.out'.

<../frontespizio/frontespizio.pdf, id=76, 597.50829pt x 845.0471pt>
File: ../frontespizio/frontespizio.pdf Graphic file (type pdf)
<use ../frontespizio/frontespizio.pdf>
Package pdftex.def Info: ../frontespizio/frontespizio.pdf  used on input line 9
9.
(pdftex.def)             Requested size: 597.50682pt x 845.04504pt.
File: ../frontespizio/frontespizio.pdf Graphic file (type pdf)
<use ../frontespizio/frontespizio.pdf>
Package pdftex.def Info: ../frontespizio/frontespizio.pdf  used on input line 9
9.
(pdftex.def)             Requested size: 597.50682pt x 845.04504pt.
<../frontespizio/frontespizio.pdf, id=79, page=1, 597.50829pt x 845.0471pt>
File: ../frontespizio/frontespizio.pdf Graphic file (type pdf)
<use ../frontespizio/frontespizio.pdf, page 1>
Package pdftex.def Info: ../frontespizio/frontespizio.pdf , page1 used on input
 line 99.
(pdftex.def)             Requested size: 597.50682pt x 845.04504pt.
File: ../frontespizio/frontespizio.pdf Graphic file (type pdf)
<use ../frontespizio/frontespizio.pdf, page 1>
Package pdftex.def Info: ../frontespizio/frontespizio.pdf , page1 used on input
 line 99.
(pdftex.def)             Requested size: 597.53416pt x 845.08372pt.
File: ../frontespizio/frontespizio.pdf Graphic file (type pdf)
<use ../frontespizio/frontespizio.pdf, page 1>
Package pdftex.def Info: ../frontespizio/frontespizio.pdf , page1 used on input
 line 99.
(pdftex.def)             Requested size: 597.53416pt x 845.08372pt.
File: ../frontespizio/frontespizio.pdf Graphic file (type pdf)
<use ../frontespizio/frontespizio.pdf, page 1>
Package pdftex.def Info: ../frontespizio/frontespizio.pdf , page1 used on input
 line 99.
(pdftex.def)             Requested size: 597.53416pt x 845.08372pt.
File: ../frontespizio/frontespizio.pdf Graphic file (type pdf)
<use ../frontespizio/frontespizio.pdf, page 1>
Package pdftex.def Info: ../frontespizio/frontespizio.pdf , page1 used on input
 line 99.
(pdftex.def)             Requested size: 597.53416pt x 845.08372pt.
 [1

 <../frontespizio/frontespizio.pdf{/usr/local/texlive/2019/texmf-var/fonts/map/
pdftex/updmap/pdftex.map}>] [2

] (./tesi.toc
LaTeX Font Info:    Try loading font information for U+rsfs on input line 4.

(/usr/local/texlive/2019/texmf-dist/tex/latex/jknapltx/ursfs.fd
File: ursfs.fd 1998/03/24 rsfs font definition file (jk)
))
\tf@toc=\write4
\openout4 = `tesi.toc'.

 [3


] [4

]
Capitolo 1.
[5] [6]
<../figures/power_spect.png, id=163, 879.285pt x 723.70375pt>
File: ../figures/power_spect.png Graphic file (type png)
<use ../figures/power_spect.png>
Package pdftex.def Info: ../figures/power_spect.png  used on input line 151.
(pdftex.def)             Requested size: 298.75262pt x 245.89038pt.
 [7 <../figures/power_spect.png>]
<../figures/diag_rad.png, id=179, 863.225pt x 712.6625pt>
File: ../figures/diag_rad.png Graphic file (type png)
<use ../figures/diag_rad.png>
Package pdftex.def Info: ../figures/diag_rad.png  used on input line 173.
(pdftex.def)             Requested size: 213.39566pt x 176.17519pt.
<../figures/risposta_ottica.png, id=180, 835.12pt x 746.79pt>
File: ../figures/risposta_ottica.png Graphic file (type png)
<use ../figures/risposta_ottica.png>
Package pdftex.def Info: ../figures/risposta_ottica.png  used on input line 179
.
(pdftex.def)             Requested size: 192.0548pt x 171.73529pt.
 [8 <../figures/diag_rad.png> <../figures/risposta_ottica.png>]
<../figures/fwhm.png, id=204, 871.255pt x 594.22pt>
File: ../figures/fwhm.png Graphic file (type png)
<use ../figures/fwhm.png>
Package pdftex.def Info: ../figures/fwhm.png  used on input line 195.
(pdftex.def)             Requested size: 298.75262pt x 203.75487pt.
 [9 <../figures/fwhm.png>]
<../figures/plane_cut.png, id=216, 637.92174pt x 359.96019pt>
File: ../figures/plane_cut.png Graphic file (type png)
<use ../figures/plane_cut.png>
Package pdftex.def Info: ../figures/plane_cut.png  used on input line 205.
(pdftex.def)             Requested size: 426.79134pt x 240.82603pt.

Underfull \vbox (badness 5133) has occurred while \output is active []

 [10 <../figures/plane_cut.png>]
<../figures/strip.png, id=222, 360.6273pt x 208.8603pt>
File: ../figures/strip.png Graphic file (type png)
<use ../figures/strip.png>
Package pdftex.def Info: ../figures/strip.png  used on input line 231.
(pdftex.def)             Requested size: 256.0774pt x 148.30779pt.
<../figures/dataset.png, id=225, 1174.3875pt x 668.4975pt>
File: ../figures/dataset.png Graphic file (type png)
<use ../figures/dataset.png>
Package pdftex.def Info: ../figures/dataset.png  used on input line 243.
(pdftex.def)             Requested size: 341.43436pt x 194.34892pt.
 [11 <../figures/strip.png> <../figures/dataset.png>]
<../figures/off-axis_co.png, id=239, 487.8225pt x 402.5439pt>
File: ../figures/off-axis_co.png Graphic file (type png)
<use ../figures/off-axis_co.png>
Package pdftex.def Info: ../figures/off-axis_co.png  used on input line 260.
(pdftex.def)             Requested size: 209.1301pt x 172.56839pt.
<../figures/off-axis_cx.png, id=240, 501.5538pt x 402.5439pt>
File: ../figures/off-axis_cx.png Graphic file (type png)
<use ../figures/off-axis_cx.png>
Package pdftex.def Info: ../figures/off-axis_cx.png  used on input line 266.
(pdftex.def)             Requested size: 209.1301pt x 167.84496pt.

[12 <../figures/off-axis_co.png> <../figures/off-axis_cx.png>]
Capitolo 2.
[13

]
<../figures/schema_rete.png, id=263, 1236.62pt x 593.21625pt>
File: ../figures/schema_rete.png Graphic file (type png)
<use ../figures/schema_rete.png>
Package pdftex.def Info: ../figures/schema_rete.png  used on input line 319.
(pdftex.def)             Requested size: 256.0774pt x 122.84116pt.
 [14 <../figures/schema_rete.png>]
<../figures/learning_process.png, id=273, 725.20938pt x 382.93062pt>
File: ../figures/learning_process.png Graphic file (type png)
<use ../figures/learning_process.png>
Package pdftex.def Info: ../figures/learning_process.png  used on input line 33
0.
(pdftex.def)             Requested size: 298.75262pt x 157.75047pt.
<../figures/ciclo_training.png, id=278, 487.8225pt x 596.2275pt>
File: ../figures/ciclo_training.png Graphic file (type png)
<use ../figures/ciclo_training.png>
Package pdftex.def Info: ../figures/ciclo_training.png  used on input line 346.

(pdftex.def)             Requested size: 170.71393pt x 208.64636pt.
 [15 <../figures/learning_process.png>]
(/usr/local/texlive/2019/texmf-dist/tex/latex/listings/lstlang1.sty
File: lstlang1.sty 2019/02/27 1.8b listings language file
)
(../scripts/opt.py) [16 <../figures/ciclo_training.png>]
Capitolo 3.
<../figures/ContourPlot_z.pdf, id=303, 562.22363pt x 499.4457pt>
File: ../figures/ContourPlot_z.pdf Graphic file (type pdf)
<use ../figures/ContourPlot_z.pdf>
Package pdftex.def Info: ../figures/ContourPlot_z.pdf  used on input line 380.
(pdftex.def)             Requested size: 337.33678pt x 299.66971pt.
[17

 <../figures/ContourPlot_z.pdf>]
<../figures/ContourPlot_e.pdf, id=346, 548.10931pt x 467.49657pt>
File: ../figures/ContourPlot_e.pdf Graphic file (type pdf)
<use ../figures/ContourPlot_e.pdf>
Package pdftex.def Info: ../figures/ContourPlot_e.pdf  used on input line 393.
(pdftex.def)             Requested size: 328.86812pt x 280.50009pt.

Overfull \hbox (8.27527pt too wide) in paragraph at lines 405--407
\OT1/cmr/m/n/12 di in-ter-po-la-zio-ne ho uti-liz-za-to due me-to-di: \OT1/cmtt
/m/n/12 interp2d \OT1/cmr/m/n/12 del mo-du-lo \OT1/cmtt/m/n/12 scipy.interpolat
e\OT1/cmr/m/n/12 ,
 []

[18 <../figures/ContourPlot_e.pdf>]
<../figures/EsempioInterpolazione.pdf, id=391, 368.21669pt x 245.32721pt>
File: ../figures/EsempioInterpolazione.pdf Graphic file (type pdf)
<use ../figures/EsempioInterpolazione.pdf>
Package pdftex.def Info: ../figures/EsempioInterpolazione.pdf  used on input li
ne 410.
(pdftex.def)             Requested size: 294.57373pt x 196.26202pt.
<../figures/errore_assoluto_ell.pdf, id=396, 479.95883pt x 379.50749pt>
File: ../figures/errore_assoluto_ell.pdf Graphic file (type pdf)
<use ../figures/errore_assoluto_ell.pdf>
Package pdftex.def Info: ../figures/errore_assoluto_ell.pdf  used on input line
 423.
(pdftex.def)             Requested size: 287.97751pt x 227.70625pt.
 [19 <../figures/EsempioInterpolazione.pdf>]
<../figures/error_curve_fit.pdf, id=434, 391.72661pt x 271.29054pt>
File: ../figures/error_curve_fit.pdf Graphic file (type pdf)
<use ../figures/error_curve_fit.pdf>
Package pdftex.def Info: ../figures/error_curve_fit.pdf  used on input line 437
.
(pdftex.def)             Requested size: 274.20674pt x 189.90207pt.
[20 <../figures/errore_assoluto_ell.pdf> <../figures/error_curve_fit.pdf

pdfTeX warning: pdflatex (file ../figures/error_curve_fit.pdf): PDF inclusion: 
multiple pdfs with page group included in a single page
>]
<../figures/punti_prob.png, id=511, 1279.78125pt x 562.1pt>
File: ../figures/punti_prob.png Graphic file (type png)
<use ../figures/punti_prob.png>
Package pdftex.def Info: ../figures/punti_prob.png  used on input line 448.
(pdftex.def)             Requested size: 426.79134pt x 187.44911pt.
<../figures/row_bordo.pdf, id=514, 1432.23302pt x 607.54492pt>
File: ../figures/row_bordo.pdf Graphic file (type pdf)
<use ../figures/row_bordo.pdf>
Package pdftex.def Info: ../figures/row_bordo.pdf  used on input line 461.
(pdftex.def)             Requested size: 426.79134pt x 181.04118pt.
<../figures/row_interno.pdf, id=515, 1444.20168pt x 609.05135pt>
File: ../figures/row_interno.pdf Graphic file (type pdf)
<use ../figures/row_interno.pdf>
Package pdftex.def Info: ../figures/row_interno.pdf  used on input line 468.
(pdftex.def)             Requested size: 426.79134pt x 179.98456pt.
<../figures/PuntiMask.pdf, id=521, 578.16pt x 578.16pt>
File: ../figures/PuntiMask.pdf Graphic file (type pdf)
<use ../figures/PuntiMask.pdf>
Package pdftex.def Info: ../figures/PuntiMask.pdf  used on input line 480.
(pdftex.def)             Requested size: 256.0774pt x 256.07619pt.
<../figures/PuntiProblematiciMask.png, id=524, 1283.79625pt x 546.04pt>
File: ../figures/PuntiProblematiciMask.png Graphic file (type png)
<use ../figures/PuntiProblematiciMask.png>
Package pdftex.def Info: ../figures/PuntiProblematiciMask.png  used on input li
ne 489.
(pdftex.def)             Requested size: 426.79134pt x 181.52686pt.
 [21 <../figures/punti_prob.png>] [22 <../figures/row_bordo.pdf> <../figures/ro
w_interno.pdf

pdfTeX warning: pdflatex (file ../figures/row_interno.pdf): PDF inclusion: mult
iple pdfs with page group included in a single page
>]
Underfull \vbox (badness 4024) has occurred while \output is active []

 [23 <../figures/PuntiMask.pdf> <../figures/PuntiProblematiciMask.png>] [24]
<../figures/tanh.png, id=662, 615.29875pt x 614.295pt>
File: ../figures/tanh.png Graphic file (type png)
<use ../figures/tanh.png>
Package pdftex.def Info: ../figures/tanh.png  used on input line 563.
(pdftex.def)             Requested size: 192.0548pt x 191.73238pt.
<../figures/sigmoid.png, id=663, 615.29875pt x 614.295pt>
File: ../figures/sigmoid.png Graphic file (type png)
<use ../figures/sigmoid.png>
Package pdftex.def Info: ../figures/sigmoid.png  used on input line 569.
(pdftex.def)             Requested size: 192.0548pt x 191.73238pt.
 [25 <../figures/tanh.png> <../figures/sigmoid.png>] (../scripts/loader.py)
Overfull \hbox (30.85748pt too wide) in paragraph at lines 604--605
[]\OT1/cmr/m/n/12 utilizzare $\OML/cmm/m/it/12 K \OMS/cmsy/m/n/12 ^^@ \OT1/cmr/
m/n/12 1$ par-ti per il \OT1/cmtt/m/n/12 training[]set \OT1/cmr/m/n/12 e la par
-te ri-ma-nen-te per il \OT1/cmtt/m/n/12 validation[]set\OT1/cmr/m/n/12 ; 
 []

[26]
<../figures/validation_e_zoom.pdf, id=695, 1095.43506pt x 636.69699pt>
File: ../figures/validation_e_zoom.pdf Graphic file (type pdf)
<use ../figures/validation_e_zoom.pdf>
Package pdftex.def Info: ../figures/validation_e_zoom.pdf  used on input line 6
13.
(pdftex.def)             Requested size: 328.63115pt x 191.01056pt.
<../figures/validation_co_max_zoom.pdf, id=696, 1094.86665pt x 645.17268pt>
File: ../figures/validation_co_max_zoom.pdf Graphic file (type pdf)
<use ../figures/validation_co_max_zoom.pdf>
Package pdftex.def Info: ../figures/validation_co_max_zoom.pdf  used on input l
ine 620.
(pdftex.def)             Requested size: 328.63115pt x 193.65173pt.
 [27 <../figures/validation_e_zoom.pdf> <../figures/validation_co_max_zoom.pdf

pdfTeX warning: pdflatex (file ../figures/validation_co_max_zoom.pdf): PDF incl
usion: multiple pdfs with page group included in a single page
>] (../scripts/init_weights.py)
<../figures/hist_good.pdf, id=803, 1213.82549pt x 628.12352pt>
File: ../figures/hist_good.pdf Graphic file (type pdf)
<use ../figures/hist_good.pdf>
Package pdftex.def Info: ../figures/hist_good.pdf  used on input line 657.
(pdftex.def)             Requested size: 426.79134pt x 220.85287pt.
<../figures/hist_bad.pdf, id=804, 1213.82549pt x 628.48111pt>
File: ../figures/hist_bad.pdf Graphic file (type pdf)
<use ../figures/hist_bad.pdf>
Package pdftex.def Info: ../figures/hist_bad.pdf  used on input line 664.
(pdftex.def)             Requested size: 426.79134pt x 220.97862pt.
 [28] [29 <../figures/hist_good.pdf> <../figures/hist_bad.pdf

pdfTeX warning: pdflatex (file ../figures/hist_bad.pdf): PDF inclusion: multipl
e pdfs with page group included in a single page
>]
<../figures/violin_plot_e.pdf, id=912, 1078.67445pt x 508.03795pt>
File: ../figures/violin_plot_e.pdf Graphic file (type pdf)
<use ../figures/violin_plot_e.pdf>
Package pdftex.def Info: ../figures/violin_plot_e.pdf  used on input line 676.
(pdftex.def)             Requested size: 426.79134pt x 201.01pt.
<../figures/violin_plot_fwhmx.pdf, id=913, 1092.96722pt x 515.46127pt>
File: ../figures/violin_plot_fwhmx.pdf Graphic file (type pdf)
<use ../figures/violin_plot_fwhmx.pdf>
Package pdftex.def Info: ../figures/violin_plot_fwhmx.pdf  used on input line 6
86.
(pdftex.def)             Requested size: 426.79134pt x 201.28078pt.

Underfull \hbox (badness 10000) in paragraph at lines 674--690

 []


Underfull \hbox (badness 10000) in paragraph at lines 674--690

 []


Underfull \hbox (badness 10000) in paragraph at lines 674--690

 []

[30 <../figures/violin_plot_e.pdf> <../figures/violin_plot_fwhmx.pdf

pdfTeX warning: pdflatex (file ../figures/violin_plot_fwhmx.pdf): PDF inclusion
: multiple pdfs with page group included in a single page
>]
<../figures/violin_plot_fwhmy.pdf, id=1004, 1090.29341pt x 511.90138pt>
File: ../figures/violin_plot_fwhmy.pdf Graphic file (type pdf)
<use ../figures/violin_plot_fwhmy.pdf>
Package pdftex.def Info: ../figures/violin_plot_fwhmy.pdf  used on input line 6
96.
(pdftex.def)             Requested size: 426.79134pt x 200.38277pt.
<../figures/violin_plot_comax.pdf, id=1005, 1083.42915pt x 504.47679pt>
File: ../figures/violin_plot_comax.pdf Graphic file (type pdf)
<use ../figures/violin_plot_comax.pdf>
Package pdftex.def Info: ../figures/violin_plot_comax.pdf  used on input line 7
06.
(pdftex.def)             Requested size: 426.79134pt x 198.72345pt.

Underfull \hbox (badness 10000) in paragraph at lines 694--710

 []


Underfull \hbox (badness 10000) in paragraph at lines 694--710

 []


Underfull \hbox (badness 10000) in paragraph at lines 694--710

 []

[31 <../figures/violin_plot_fwhmy.pdf> <../figures/violin_plot_comax.pdf

pdfTeX warning: pdflatex (file ../figures/violin_plot_comax.pdf): PDF inclusion
: multiple pdfs with page group included in a single page
>]
<../figures/violin_plot_cxmax.pdf, id=1100, 1065.37929pt x 513.15044pt>
File: ../figures/violin_plot_cxmax.pdf Graphic file (type pdf)
<use ../figures/violin_plot_cxmax.pdf>
Package pdftex.def Info: ../figures/violin_plot_cxmax.pdf  used on input line 7
15.
(pdftex.def)             Requested size: 426.79134pt x 205.5619pt.
 [32 <../figures/violin_plot_cxmax.pdf>]
<../figures/violin_plot_check_e.pdf, id=1155, 1084.21272pt x 508.3017pt>
File: ../figures/violin_plot_check_e.pdf Graphic file (type pdf)
<use ../figures/violin_plot_check_e.pdf>
Package pdftex.def Info: ../figures/violin_plot_check_e.pdf  used on input line
 823.
(pdftex.def)             Requested size: 426.79134pt x 200.09056pt.
 [33 <../figures/violin_plot_check_e.pdf>] [34

]
Capitolo 4.
(./tesi.bbl [35] [36

] [37])
Package atveryend Info: Empty hook `BeforeClearDocument' on input line 870.
 [38]
Package atveryend Info: Empty hook `AfterLastShipout' on input line 870.
 (./tesi.aux)
Package atveryend Info: Executing hook `AtVeryEndDocument' on input line 870.
Package atveryend Info: Executing hook `AtEndAfterFileList' on input line 870.
Package rerunfilecheck Info: File `tesi.out' has not changed.
(rerunfilecheck)             Checksum: 12D4681A8712CFF81318281404293CDB;1252.
 ) 
Here is how much of TeX's memory you used:
 14232 strings out of 492616
 213169 string characters out of 6129481
 540315 words of memory out of 5000000
 17726 multiletter control sequences out of 15000+600000
 17420 words of font info for 64 fonts, out of 8000000 for 9000
 1141 hyphenation exceptions out of 8191
 59i,18n,99p,1150b,1562s stack positions out of 5000i,500n,10000p,200000b,80000s
{/usr/local/texlive/2019/texmf-dist/fonts/enc/dvips/cm-super/cm-super-ts1.enc
}</usr/local/texlive/2019/texmf-dist/fonts/type1/public/amsfonts/cm/cmbx10.pfb>
</usr/local/texlive/2019/texmf-dist/fonts/type1/public/amsfonts/cm/cmbx12.pfb><
/usr/local/texlive/2019/texmf-dist/fonts/type1/public/amsfonts/cm/cmbx8.pfb></u
sr/local/texlive/2019/texmf-dist/fonts/type1/public/amsfonts/cm/cmex10.pfb></us
r/local/texlive/2019/texmf-dist/fonts/type1/public/amsfonts/cm/cmmi10.pfb></usr
/local/texlive/2019/texmf-dist/fonts/type1/public/amsfonts/cm/cmmi12.pfb></usr/
local/texlive/2019/texmf-dist/fonts/type1/public/amsfonts/cm/cmmi6.pfb></usr/lo
cal/texlive/2019/texmf-dist/fonts/type1/public/amsfonts/cm/cmmi8.pfb></usr/loca
l/texlive/2019/texmf-dist/fonts/type1/public/amsfonts/cm/cmr10.pfb></usr/local/
texlive/2019/texmf-dist/fonts/type1/public/amsfonts/cm/cmr12.pfb></usr/local/te
xlive/2019/texmf-dist/fonts/type1/public/amsfonts/cm/cmr17.pfb></usr/local/texl
ive/2019/texmf-dist/fonts/type1/public/amsfonts/cm/cmr7.pfb></usr/local/texlive
/2019/texmf-dist/fonts/type1/public/amsfonts/cm/cmr8.pfb></usr/local/texlive/20
19/texmf-dist/fonts/type1/public/amsfonts/cm/cmsy10.pfb></usr/local/texlive/201
9/texmf-dist/fonts/type1/public/amsfonts/cm/cmsy6.pfb></usr/local/texlive/2019/
texmf-dist/fonts/type1/public/amsfonts/cm/cmsy8.pfb></usr/local/texlive/2019/te
xmf-dist/fonts/type1/public/amsfonts/cm/cmti10.pfb></usr/local/texlive/2019/tex
mf-dist/fonts/type1/public/amsfonts/cm/cmti12.pfb></usr/local/texlive/2019/texm
f-dist/fonts/type1/public/amsfonts/cm/cmti7.pfb></usr/local/texlive/2019/texmf-
dist/fonts/type1/public/amsfonts/cm/cmtt10.pfb></usr/local/texlive/2019/texmf-d
ist/fonts/type1/public/amsfonts/cm/cmtt12.pfb></usr/local/texlive/2019/texmf-di
st/fonts/type1/public/cm-super/sfrm1200.pfb>
Output written on tesi.pdf (38 pages, 6517497 bytes).
PDF statistics:
 1325 PDF objects out of 1440 (max. 8388607)
 594 compressed objects within 6 object streams
 131 named destinations out of 1000 (max. 500000)
 335 words of extra memory for PDF output out of 10000 (max. 10000000)

